<?xml version="1.0" encoding="UTF-8"?>
<!-- Generated by org.testng.reporters.JUnitReportReporter -->
<testsuite hostname="STIPL-SMBL0413" failures="0" tests="1" name="sunValidation" time="0.996" errors="0" timestamp="16 Apr 2024 12:04:37 GMT" skipped="0">
  <testcase classname="sunValidation" name="sumOfCourses" time="0.996"/>
</testsuite> <!-- sunValidation -->
