<?xml version="1.0" encoding="UTF-8"?>
<!-- Generated by org.testng.reporters.JUnitReportReporter -->
<testsuite hostname="STIPL-SMBL0413" failures="0" tests="3" name="DynamicJson" time="3.699" errors="0" timestamp="17 Apr 2024 10:47:28 GMT" skipped="0">
  <testcase classname="DynamicJson" name="addBook" time="0.818"/>
  <testcase classname="DynamicJson" name="addBook" time="2.191"/>
  <testcase classname="DynamicJson" name="addBook" time="0.690"/>
</testsuite> <!-- DynamicJson -->
